{
 "level": "error",
 "message": "TypeError",
 "timestamp": "2022-01-17T00:23:07.193Z"
}
{
 "level": "error",
 "message": "TypeError",
 "timestamp": "2022-01-17T00:24:15.994Z"
}
{
 "level": "error",
 "message": "TypeError",
 "timestamp": "2022-01-17T00:24:59.669Z"
}
{
 "level": "error",
 "message": "TypeError",
 "timestamp": "2022-01-17T01:19:57.020Z"
}
{
 "level": "error",
 "message": "TypeError",
 "timestamp": "2022-01-17T01:19:57.179Z"
}
{
 "level": "error",
 "message": "error",
 "timestamp": "2022-01-17T02:06:51.881Z"
}
{
 "level": "error",
 "message": "error",
 "timestamp": "2022-01-17T02:06:59.725Z"
}
{
 "level": "error",
 "message": "error",
 "timestamp": "2022-01-17T02:07:49.223Z"
}
{
 "level": "error",
 "timestamp": "2022-01-17T21:14:27.165Z"
}
{
 "level": "error",
 "timestamp": "2022-01-17T21:14:35.646Z"
}
{
 "level": "error",
 "timestamp": "2022-01-17T21:14:49.434Z"
}
